2025-08-05 09:01:09,329 [INFO] Activator:176 - 


2025-08-05 09:01:09,333 [INFO] Activator:177 - !SESSION log4j initialized
2025-08-05 09:01:14,872 [INFO] LogOutputStream:77 - [STDOUT_REDIRECT] 
2025-08-05 09:01:21,474 [INFO] ApplicationProperties:184 - Using Application install path: E:\STM32CubeIDE_1.19.0\STM32CubeIDE\plugins\com.st.stm32cube.common.mx_6.15.0.202507011659
2025-08-05 09:01:21,489 [INFO] DbMcusXml:78 - Set database path to: E:\STM32CubeIDE_1.19.0\STM32CubeIDE\plugins\com.st.stm32cube.common.mx_6.15.0.202507011659\\db\/mcu/
2025-08-05 09:01:21,489 [INFO] ApiDb:274 - Set plugin database path to: E:\STM32CubeIDE_1.19.0\STM32CubeIDE\plugins\com.st.stm32cube.common.mx_6.15.0.202507011659\\db\/plugins/boardmanager/
2025-08-05 09:01:21,490 [WARN] ApiDb:259 - Overriding images path with different value:  => E:\STM32CubeIDE_1.19.0\STM32CubeIDE\plugins\com.st.stm32cube.common.mx_6.15.0.202507011659\\db\/plugins/mcufinder/images/
2025-08-05 09:01:21,497 [INFO] ApiDb:250 - Set database path to: C:\Users\nphis\.stmcufinder\plugins\mcufinder//mcu/
2025-08-05 09:01:21,498 [INFO] DbMcusAds:125 - Set database path to: C:\Users\nphis\.stmcufinder\plugins\mcufinder//mcu/
2025-08-05 09:01:21,500 [INFO] CrossReferenceDbSqlite:203 - Set database path to: C:\Users\nphis\.stmcufinder\plugins\mcufinder//mcu/cs/
2025-08-05 09:01:21,608 [INFO] RulesReader:64 - Compatibility file has been processed (317 Rules)
2025-08-05 09:01:21,669 [INFO] DbMcusXml:78 - Set database path to: E:\STM32CubeIDE_1.19.0\STM32CubeIDE\plugins\com.st.stm32cube.common.mx_6.15.0.202507011659\\db\/mcu/
2025-08-05 09:01:21,669 [INFO] ApiDb:274 - Set plugin database path to: E:\STM32CubeIDE_1.19.0\STM32CubeIDE\plugins\com.st.stm32cube.common.mx_6.15.0.202507011659\\db\/plugins/boardmanager/
2025-08-05 09:01:21,669 [INFO] ApiDb:261 - Set plugin images path to: E:\STM32CubeIDE_1.19.0\STM32CubeIDE\plugins\com.st.stm32cube.common.mx_6.15.0.202507011659\\db\/plugins/mcufinder/images/
2025-08-05 09:01:21,669 [WARN] DbFile:41 - Overriding database path with different value: C:\Users\nphis\.stmcufinder\plugins\mcufinder/ => C:\Users\nphis\.stmcufinder\plugins\mcufinder
2025-08-05 09:01:21,669 [INFO] ApiDb:250 - Set database path to: C:\Users\nphis\.stmcufinder\plugins\mcufinder//mcu/
2025-08-05 09:01:21,669 [WARN] DbFile:41 - Overriding database path with different value: C:\Users\nphis\.stmcufinder\plugins\mcufinder/ => C:\Users\nphis\.stmcufinder\plugins\mcufinder
2025-08-05 09:01:21,669 [INFO] DbMcusAds:125 - Set database path to: C:\Users\nphis\.stmcufinder\plugins\mcufinder//mcu/
2025-08-05 09:01:21,669 [WARN] DbFile:41 - Overriding database path with different value: C:\Users\nphis\.stmcufinder\plugins\mcufinder/ => C:\Users\nphis\.stmcufinder\plugins\mcufinder
2025-08-05 09:01:21,670 [WARN] DbFile:41 - Overriding database path with different value: C:\Users\nphis\.stmcufinder\plugins\mcufinder/ => C:\Users\nphis\.stmcufinder\plugins\mcufinder
2025-08-05 09:01:21,670 [INFO] CrossReferenceDbSqlite:203 - Set database path to: C:\Users\nphis\.stmcufinder\plugins\mcufinder//mcu/cs/
2025-08-05 09:01:21,730 [INFO] MainPanel:274 - HeapMemory: 268435456
2025-08-05 09:01:21,815 [INFO] DbMcusXml:78 - Set database path to: E:\STM32CubeIDE_1.19.0\STM32CubeIDE\plugins\com.st.stm32cube.common.mx_6.15.0.202507011659\\db\/mcu/
2025-08-05 09:01:21,815 [INFO] ApiDb:274 - Set plugin database path to: E:\STM32CubeIDE_1.19.0\STM32CubeIDE\plugins\com.st.stm32cube.common.mx_6.15.0.202507011659\\db\/plugins/boardmanager/
2025-08-05 09:01:21,815 [INFO] ApiDb:261 - Set plugin images path to: E:\STM32CubeIDE_1.19.0\STM32CubeIDE\plugins\com.st.stm32cube.common.mx_6.15.0.202507011659\\db\/plugins/mcufinder/images/
2025-08-05 09:01:21,815 [WARN] DbFile:41 - Overriding database path with different value: C:\Users\nphis\.stmcufinder\plugins\mcufinder/ => C:\Users\nphis\.stmcufinder\plugins\mcufinder
2025-08-05 09:01:21,816 [INFO] ApiDb:250 - Set database path to: C:\Users\nphis\.stmcufinder\plugins\mcufinder//mcu/
2025-08-05 09:01:21,816 [WARN] DbFile:41 - Overriding database path with different value: C:\Users\nphis\.stmcufinder\plugins\mcufinder/ => C:\Users\nphis\.stmcufinder\plugins\mcufinder
2025-08-05 09:01:21,816 [INFO] DbMcusAds:125 - Set database path to: C:\Users\nphis\.stmcufinder\plugins\mcufinder//mcu/
2025-08-05 09:01:21,816 [WARN] DbFile:41 - Overriding database path with different value: C:\Users\nphis\.stmcufinder\plugins\mcufinder/ => C:\Users\nphis\.stmcufinder\plugins\mcufinder
2025-08-05 09:01:21,816 [WARN] DbFile:41 - Overriding database path with different value: C:\Users\nphis\.stmcufinder\plugins\mcufinder/ => C:\Users\nphis\.stmcufinder\plugins\mcufinder
2025-08-05 09:01:21,816 [INFO] CrossReferenceDbSqlite:203 - Set database path to: C:\Users\nphis\.stmcufinder\plugins\mcufinder//mcu/cs/
2025-08-05 09:01:21,831 [INFO] ApplicationProperties:184 - Using Application install path: E:\STM32CubeIDE_1.19.0\STM32CubeIDE\plugins\com.st.stm32cube.common.mx_6.15.0.202507011659
2025-08-05 09:01:21,832 [INFO] PluginManage:196 - Search for loadable plugins [exclusion list=, ]
2025-08-05 09:01:21,833 [INFO] PluginManage:310 - Check plugin analytics
2025-08-05 09:01:26,924 [INFO] AnalyticsPlugin:253 - Accepted Software Licenses: 
2025-08-05 09:01:26,924 [INFO] AnalyticsPlugin:255 - Accepted CMSIS Pack Licenses: 
2025-08-05 09:01:26,924 [INFO] AnalyticsPlugin:257 - Accepted Firmware Licenses: FW.F7.1.17.0,FW.F4.1.28.0
2025-08-05 09:01:26,927 [INFO] PluginManage:359 - Loaded plugin analytics (category:tool,tabindex:-1)
2025-08-05 09:01:26,928 [INFO] PluginManage:310 - Check plugin cadmodel
2025-08-05 09:01:26,945 [INFO] CADModel:105 - Init CAD model plugin
2025-08-05 09:01:26,945 [INFO] PluginManage:359 - Loaded plugin cadmodel (category:power,tabindex:5)
2025-08-05 09:01:26,945 [INFO] PluginManage:310 - Check plugin clock
2025-08-05 09:01:26,965 [INFO] PluginManage:359 - Loaded plugin clock (category:base,tabindex:2)
2025-08-05 09:01:26,965 [INFO] PluginManage:310 - Check plugin ddr
2025-08-05 09:01:26,967 [INFO] PluginManage:359 - Loaded plugin ddr (category:tool,tabindex:6)
2025-08-05 09:01:26,967 [INFO] PluginManage:310 - Check plugin filemanager
2025-08-05 09:01:27,091 [INFO] PluginManage:359 - Loaded plugin filemanager (category:base,tabindex:10)
2025-08-05 09:01:27,091 [INFO] PluginManage:310 - Check plugin ipmanager
2025-08-05 09:01:27,097 [INFO] PluginManage:359 - Loaded plugin ipmanager (category:base,tabindex:5)
2025-08-05 09:01:27,097 [INFO] PluginManage:310 - Check plugin lpbam
2025-08-05 09:01:27,115 [INFO] PluginManage:359 - Loaded plugin lpbam (category:base,tabindex:0)
2025-08-05 09:01:27,116 [INFO] PluginManage:310 - Check plugin memorymap
2025-08-05 09:01:27,143 [INFO] PluginManage:359 - Loaded plugin memorymap (category:base,tabindex:4)
2025-08-05 09:01:27,144 [INFO] PluginManage:310 - Check plugin pinoutandconfiguration
2025-08-05 09:01:27,165 [INFO] PluginManage:359 - Loaded plugin pinoutandconfiguration (category:base,tabindex:1)
2025-08-05 09:01:27,165 [INFO] PluginManage:310 - Check plugin pinoutconfig
2025-08-05 09:01:27,255 [WARN] SupportedApi:132 - Cannot load RTOS API schema: s4s-elt-must-match.1: The content of 'definitions' must match (annotation?, (simpleType | complexType)?, (unique | key | keyref)*)). A problem was found starting at: attribute.
2025-08-05 09:01:27,371 [INFO] PluginManage:359 - Loaded plugin pinoutconfig (category:base,tabindex:0)
2025-08-05 09:01:27,371 [INFO] PluginManage:310 - Check plugin power
2025-08-05 09:01:27,393 [INFO] PluginManage:359 - Loaded plugin power (category:power,tabindex:4)
2025-08-05 09:01:27,393 [INFO] PluginManage:310 - Check plugin projectmanager
2025-08-05 09:01:27,405 [INFO] PluginManage:359 - Loaded plugin projectmanager (category:projectmanager,tabindex:4)
2025-08-05 09:01:27,405 [INFO] PluginManage:310 - Check plugin rif
2025-08-05 09:01:27,426 [INFO] PluginManage:359 - Loaded plugin rif (category:base,tabindex:3)
2025-08-05 09:01:27,426 [INFO] PluginManage:310 - Check plugin thirdparty
2025-08-05 09:01:27,724 [WARN] IntegrityCheckThread:84 - waiting for thirdparty lock release [integrity check]
2025-08-05 09:01:27,724 [INFO] IntegrityCheckThread:86 - entering critical section [integrity check]
2025-08-05 09:01:27,724 [INFO] PluginManage:359 - Loaded plugin thirdparty (category:base,tabindex:-1)
2025-08-05 09:01:27,724 [INFO] ThirdPartyUpdaterWithRetryManager:70 - Updater plugin not ready yet. [1/15]
2025-08-05 09:01:27,724 [INFO] PluginManage:310 - Check plugin tools
2025-08-05 09:01:27,766 [INFO] PluginManage:359 - Loaded plugin tools (category:base,tabindex:7)
2025-08-05 09:01:27,766 [INFO] PluginManage:310 - Check plugin tutovideos
2025-08-05 09:01:27,967 [INFO] PluginManage:359 - Loaded plugin tutovideos (category:base,tabindex:-1)
2025-08-05 09:01:27,967 [INFO] PluginManage:310 - Check plugin updater
2025-08-05 09:01:27,985 [INFO] PluginManage:359 - Loaded plugin updater (category:base,tabindex:12)
2025-08-05 09:01:27,986 [INFO] PluginManage:310 - Check plugin userauth
2025-08-05 09:01:27,989 [INFO] UserAuth:118 - Init User Auth plugin
2025-08-05 09:01:27,990 [INFO] PluginManage:359 - Loaded plugin userauth (category:base,tabindex:14)
2025-08-05 09:01:27,990 [INFO] PluginManage:283 - PluginManage : Loaded plugins [18]
2025-08-05 09:01:28,161 [INFO] PinOutPanel:1589 - setPackage(No Configuration,No Configuration)
2025-08-05 09:01:28,233 [INFO] CADModel:165 - CPN selected for project level
2025-08-05 09:01:28,233 [INFO] CADModel:114 - Register for checkConnection events
2025-08-05 09:01:28,260 [INFO] IPUIPlugin:80 - create IPUIPlugin
2025-08-05 09:01:28,260 [INFO] PluginManager:220 - loadIPPluginJar : add adc
2025-08-05 09:01:28,302 [INFO] IPUIPlugin:80 - create IPUIPlugin
2025-08-05 09:01:28,302 [INFO] PluginManager:220 - loadIPPluginJar : add aes
2025-08-05 09:01:28,350 [INFO] IPUIPlugin:80 - create IPUIPlugin
2025-08-05 09:01:28,350 [INFO] PluginManager:220 - loadIPPluginJar : add can
2025-08-05 09:01:28,379 [INFO] IPUIPlugin:80 - create IPUIPlugin
2025-08-05 09:01:28,379 [INFO] PluginManager:220 - loadIPPluginJar : add comp
2025-08-05 09:01:28,416 [INFO] IPUIPlugin:80 - create IPUIPlugin
2025-08-05 09:01:28,417 [INFO] PluginManager:220 - loadIPPluginJar : add cryp
2025-08-05 09:01:28,430 [INFO] IPUIPlugin:80 - create IPUIPlugin
2025-08-05 09:01:28,430 [INFO] PluginManager:220 - loadIPPluginJar : add ddr_ctrl_phy
2025-08-05 09:01:28,467 [INFO] IPUIPlugin:80 - create IPUIPlugin
2025-08-05 09:01:28,467 [INFO] PluginManager:220 - loadIPPluginJar : add dfsdm
2025-08-05 09:01:28,484 [INFO] IPUIPlugin:80 - create IPUIPlugin
2025-08-05 09:01:28,485 [INFO] PluginManager:220 - loadIPPluginJar : add dma
2025-08-05 09:01:28,539 [INFO] IPUIPlugin:80 - create IPUIPlugin
2025-08-05 09:01:28,540 [INFO] PluginManager:220 - loadIPPluginJar : add dma3
2025-08-05 09:01:28,587 [INFO] IPUIPlugin:80 - create IPUIPlugin
2025-08-05 09:01:28,587 [INFO] PluginManager:220 - loadIPPluginJar : add extmemmanager
2025-08-05 09:01:28,614 [INFO] IPUIPlugin:80 - create IPUIPlugin
2025-08-05 09:01:28,614 [INFO] PluginManager:220 - loadIPPluginJar : add fatfs
2025-08-05 09:01:28,664 [INFO] IPUIPlugin:80 - create IPUIPlugin
2025-08-05 09:01:28,664 [INFO] PluginManager:220 - loadIPPluginJar : add fmc
2025-08-05 09:01:28,680 [INFO] IPUIPlugin:80 - create IPUIPlugin
2025-08-05 09:01:28,680 [INFO] PluginManager:220 - loadIPPluginJar : add freertos
2025-08-05 09:01:28,707 [INFO] IPUIPlugin:80 - create IPUIPlugin
2025-08-05 09:01:28,707 [INFO] PluginManager:220 - loadIPPluginJar : add genericplugin
2025-08-05 09:01:28,811 [INFO] IPUIPlugin:80 - create IPUIPlugin
2025-08-05 09:01:28,811 [INFO] PluginManager:220 - loadIPPluginJar : add gfxmmu
2025-08-05 09:01:28,957 [INFO] IPUIPlugin:80 - create IPUIPlugin
2025-08-05 09:01:28,957 [INFO] PluginManager:220 - loadIPPluginJar : add gic
2025-08-05 09:01:28,971 [INFO] IPUIPlugin:80 - create IPUIPlugin
2025-08-05 09:01:28,971 [INFO] PluginManager:220 - loadIPPluginJar : add gpio
2025-08-05 09:01:29,062 [INFO] IPUIPlugin:80 - create IPUIPlugin
2025-08-05 09:01:29,062 [INFO] PluginManager:220 - loadIPPluginJar : add gtzc
2025-08-05 09:01:29,097 [INFO] IPUIPlugin:80 - create IPUIPlugin
2025-08-05 09:01:29,097 [INFO] PluginManager:220 - loadIPPluginJar : add hash
2025-08-05 09:01:29,155 [INFO] IPUIPlugin:80 - create IPUIPlugin
2025-08-05 09:01:29,156 [INFO] PluginManager:220 - loadIPPluginJar : add i2c
2025-08-05 09:01:29,205 [INFO] IPUIPlugin:80 - create IPUIPlugin
2025-08-05 09:01:29,205 [INFO] PluginManager:220 - loadIPPluginJar : add i2s
2025-08-05 09:01:29,248 [INFO] IPUIPlugin:80 - create IPUIPlugin
2025-08-05 09:01:29,248 [INFO] PluginManager:220 - loadIPPluginJar : add i3c
2025-08-05 09:01:29,343 [INFO] IPUIPlugin:80 - create IPUIPlugin
2025-08-05 09:01:29,343 [INFO] PluginManager:220 - loadIPPluginJar : add ipddr
2025-08-05 09:01:29,437 [INFO] IPUIPlugin:80 - create IPUIPlugin
2025-08-05 09:01:29,437 [INFO] PluginManager:220 - loadIPPluginJar : add linkedlist
2025-08-05 09:01:29,485 [INFO] IPUIPlugin:80 - create IPUIPlugin
2025-08-05 09:01:29,485 [INFO] PluginManager:220 - loadIPPluginJar : add lorawan
2025-08-05 09:01:29,529 [INFO] IPUIPlugin:80 - create IPUIPlugin
2025-08-05 09:01:29,529 [INFO] PluginManager:220 - loadIPPluginJar : add ltdc
2025-08-05 09:01:29,546 [INFO] IPUIPlugin:80 - create IPUIPlugin
2025-08-05 09:01:29,546 [INFO] PluginManager:220 - loadIPPluginJar : add mdma
2025-08-05 09:01:29,558 [INFO] IPUIPlugin:80 - create IPUIPlugin
2025-08-05 09:01:29,559 [INFO] PluginManager:220 - loadIPPluginJar : add nvic
2025-08-05 09:01:29,606 [INFO] IPUIPlugin:80 - create IPUIPlugin
2025-08-05 09:01:29,606 [INFO] PluginManager:220 - loadIPPluginJar : add opamp
2025-08-05 09:01:29,678 [INFO] IPUIPlugin:80 - create IPUIPlugin
2025-08-05 09:01:29,678 [INFO] PluginManager:220 - loadIPPluginJar : add openamp
2025-08-05 09:01:29,722 [INFO] IPUIPlugin:80 - create IPUIPlugin
2025-08-05 09:01:29,723 [INFO] PluginManager:220 - loadIPPluginJar : add pdm2pcm
2025-08-05 09:01:29,740 [INFO] IPUIPlugin:80 - create IPUIPlugin
2025-08-05 09:01:29,744 [INFO] PluginManager:220 - loadIPPluginJar : add plateformsettings
2025-08-05 09:01:29,771 [INFO] IPUIPlugin:80 - create IPUIPlugin
2025-08-05 09:01:29,771 [INFO] PluginManager:220 - loadIPPluginJar : add quadspi
2025-08-05 09:01:29,800 [INFO] IPUIPlugin:80 - create IPUIPlugin
2025-08-05 09:01:29,800 [INFO] PluginManager:220 - loadIPPluginJar : add radio
2025-08-05 09:01:29,814 [INFO] IPUIPlugin:80 - create IPUIPlugin
2025-08-05 09:01:29,815 [INFO] PluginManager:220 - loadIPPluginJar : add resmgrutility
2025-08-05 09:01:29,862 [INFO] IPUIPlugin:80 - create IPUIPlugin
2025-08-05 09:01:29,862 [INFO] PluginManager:220 - loadIPPluginJar : add sai
2025-08-05 09:01:29,901 [INFO] IPUIPlugin:80 - create IPUIPlugin
2025-08-05 09:01:29,901 [INFO] PluginManager:220 - loadIPPluginJar : add spi
2025-08-05 09:01:29,985 [INFO] IPUIPlugin:80 - create IPUIPlugin
2025-08-05 09:01:29,986 [INFO] PluginManager:220 - loadIPPluginJar : add stm32_wpan
2025-08-05 09:01:30,016 [INFO] IPUIPlugin:80 - create IPUIPlugin
2025-08-05 09:01:30,017 [INFO] PluginManager:220 - loadIPPluginJar : add tim
2025-08-05 09:01:30,094 [INFO] IPUIPlugin:80 - create IPUIPlugin
2025-08-05 09:01:30,094 [INFO] PluginManager:220 - loadIPPluginJar : add touchsensing
2025-08-05 09:01:30,120 [INFO] IPUIPlugin:80 - create IPUIPlugin
2025-08-05 09:01:30,120 [INFO] PluginManager:220 - loadIPPluginJar : add tracer_emb
2025-08-05 09:01:30,147 [INFO] IPUIPlugin:80 - create IPUIPlugin
2025-08-05 09:01:30,147 [INFO] PluginManager:220 - loadIPPluginJar : add ts
2025-08-05 09:01:30,177 [INFO] IPUIPlugin:80 - create IPUIPlugin
2025-08-05 09:01:30,177 [INFO] PluginManager:220 - loadIPPluginJar : add tsc
2025-08-05 09:01:30,204 [INFO] IPUIPlugin:80 - create IPUIPlugin
2025-08-05 09:01:30,205 [INFO] PluginManager:220 - loadIPPluginJar : add ucpd
2025-08-05 09:01:30,252 [INFO] IPUIPlugin:80 - create IPUIPlugin
2025-08-05 09:01:30,252 [INFO] PluginManager:220 - loadIPPluginJar : add usart
2025-08-05 09:01:30,300 [INFO] IPUIPlugin:80 - create IPUIPlugin
2025-08-05 09:01:30,300 [INFO] PluginManager:220 - loadIPPluginJar : add usbx
2025-08-05 09:01:30,416 [FATAL] Updater:351 - Updater called before beeing initialized
2025-08-05 09:01:30,450 [INFO] RulesReader:64 - Compatibility file has been processed (317 Rules)
2025-08-05 09:01:30,457 [INFO] RulesReader:64 - Compatibility file has been processed (317 Rules)
2025-08-05 09:01:30,465 [INFO] CADModel:165 - CPN selected for project level
2025-08-05 09:01:30,465 [INFO] CADModel:114 - Register for checkConnection events
2025-08-05 09:01:30,465 [FATAL] Updater:351 - Updater called before beeing initialized
2025-08-05 09:01:30,465 [ERROR] CADModel:125 - Updater not yet initialized, retry later 
2025-08-05 09:01:30,576 [FATAL] Updater:351 - Updater called before beeing initialized
2025-08-05 09:01:30,578 [INFO] CADModel:165 - CPN selected for project level
2025-08-05 09:01:30,578 [INFO] CADModel:114 - Register for checkConnection events
2025-08-05 09:01:30,578 [FATAL] Updater:351 - Updater called before beeing initialized
2025-08-05 09:01:30,578 [ERROR] CADModel:125 - Updater not yet initialized, retry later 
2025-08-05 09:01:30,581 [FATAL] Updater:351 - Updater called before beeing initialized
2025-08-05 09:01:30,661 [FATAL] Updater:351 - Updater called before beeing initialized
2025-08-05 09:01:30,673 [INFO] DbMcusAds:53 - JSON generation date=Tue Jul 08 15:14:23 ICT 2025 (1751962463593)
2025-08-05 09:01:30,673 [FATAL] Updater:351 - Updater called before beeing initialized
2025-08-05 09:01:30,726 [INFO] ThirdPartyUpdaterWithRetryManager:70 - Updater plugin not ready yet. [2/15]
2025-08-05 09:01:30,757 [WARN] DetailPanel:346 - Failed to get advertising image, set to default
2025-08-05 09:01:30,824 [FATAL] Updater:351 - Updater called before beeing initialized
2025-08-05 09:01:30,828 [FATAL] Updater:351 - Updater called before beeing initialized
2025-08-05 09:01:30,828 [FATAL] Updater:351 - Updater called before beeing initialized
2025-08-05 09:01:30,828 [WARN] DetailPanel:346 - Failed to get advertising image, set to default
2025-08-05 09:01:30,829 [FATAL] Updater:351 - Updater called before beeing initialized
2025-08-05 09:01:30,882 [ERROR] Updater:1198 - MainUpdater not yet initialized. External WinMGr cannot be set.
2025-08-05 09:01:30,895 [INFO] Updater:1134 - Updater Version found : 6.15.0
2025-08-05 09:01:30,914 [INFO] ApplicationProperties:184 - Using Application install path: E:\STM32CubeIDE_1.19.0\STM32CubeIDE\plugins\com.st.stm32cube.common.mx_6.15.0.202507011659
2025-08-05 09:01:31,761 [INFO] MainUpdater:2872 - connection check result : 10
2025-08-05 09:01:31,762 [INFO] MainUpdater:289 - Updater Check For Update Now.
2025-08-05 09:01:31,763 [INFO] MicroXplorer:498 - Change Database Version : DB.6.0.150
2025-08-05 09:01:31,792 [INFO] McuFinderGlobals:63 - Set McuFinder mode to 2 (CubeIDE integrated)
2025-08-05 09:01:31,793 [INFO] UserAuth:171 - activating auth plugin
2025-08-05 09:01:31,797 [INFO] UserAuth:487 - Internet connection configuration mode: 1
2025-08-05 09:01:31,842 [INFO] JxBrowserEngine:152 - Initiate JxBrowser Engine with user profile folder
2025-08-05 09:01:31,974 [INFO] CheckServerUpdateThread:120 - End of CheckServer Thread
2025-08-05 09:01:32,998 [INFO] WebApp:169 - Instantiating new browser for Auth
2025-08-05 09:01:33,594 [INFO] WebApp:463 - Apply proxy settings
2025-08-05 09:01:33,595 [INFO] WebApp:548 - Chromium requires no authentication
2025-08-05 09:01:33,603 [INFO] WebApp:491 - Direct internet connection detected
2025-08-05 09:01:33,628 [INFO] WebApp:900 - Register for checkConnection events
2025-08-05 09:01:33,628 [INFO] WebApp:463 - Apply proxy settings
2025-08-05 09:01:33,628 [INFO] WebApp:548 - Chromium requires no authentication
2025-08-05 09:01:33,629 [INFO] WebApp:491 - Direct internet connection detected
2025-08-05 09:01:33,869 [INFO] WebApp:225 - Starting web application
2025-08-05 09:01:33,869 [INFO] WebApp:593 - Web application path used E:\STM32CubeIDE_1.19.0\STM32CubeIDE\plugins\com.st.stm32cube.common.mx_6.15.0.202507011659\db\plugins\mcufinder\reactClient1\index.html
2025-08-05 09:01:33,989 [WARN] PackLoader:240 - Cannot read IP mode file for STMicroelectronics.FP-SNS-MOTENVWB1.1.4.0
2025-08-05 09:01:34,006 [WARN] PackLoader:240 - Cannot read IP mode file for STMicroelectronics.FP-ATR-ASTRA1.2.0.2
2025-08-05 09:01:34,026 [WARN] PackLoader:240 - Cannot read IP mode file for STMicroelectronics.X-CUBE-SMBUS.2.1.0
2025-08-05 09:01:34,040 [WARN] PackLoader:240 - Cannot read IP mode file for STMicroelectronics.X-CUBE-ST60.1.0.0
2025-08-05 09:01:34,077 [WARN] PackLoader:240 - Cannot read IP mode file for STMicroelectronics.X-CUBE-AZRTOS-F7.1.1.0
2025-08-05 09:01:34,107 [WARN] PackLoader:240 - Cannot read IP mode file for Infineon.AIROC-Wi-Fi-Bluetooth-STM32.1.7.1
2025-08-05 09:01:34,141 [WARN] PackLoader:240 - Cannot read IP mode file for STMicroelectronics.X-CUBE-AZRTOS-H7.3.4.0
2025-08-05 09:01:34,167 [WARN] PackLoader:240 - Cannot read IP mode file for STMicroelectronics.X-CUBE-DISPLAY.3.0.0
2025-08-05 09:01:34,199 [WARN] PackLoader:240 - Cannot read IP mode file for STMicroelectronics.X-CUBE-NFC10.1.0.0
2025-08-05 09:01:34,234 [WARN] PackLoader:240 - Cannot read IP mode file for emotas.I-CUBE-CANOPEN.1.3.0
2025-08-05 09:01:34,259 [WARN] PackLoader:240 - Cannot read IP mode file for STMicroelectronics.FP-SNS-STBOX1.2.1.0
2025-08-05 09:01:34,285 [WARN] PackLoader:240 - Cannot read IP mode file for STMicroelectronics.FP-SNS-SMARTAG2.1.2.0
2025-08-05 09:01:34,305 [WARN] PackLoader:240 - Cannot read IP mode file for STMicroelectronics.FP-SNS-FLIGHT1.5.1.0
2025-08-05 09:01:34,308 [INFO] WebApp:191 - Connection restablished
2025-08-05 09:01:34,330 [INFO] LogOutputStream:77 - [STDOUT_REDIRECT] 1 : Invalid condition id : UX_CORESTACK_Condition cause : null
2025-08-05 09:01:34,330 [INFO] LogOutputStream:77 - [STDOUT_REDIRECT] 1 : Invalid condition id : UX_CORESTACK_Condition cause : null
2025-08-05 09:01:34,331 [INFO] LogOutputStream:77 - [STDOUT_REDIRECT] 1 : Invalid condition id : UX_CORESTACK_Condition cause : null
2025-08-05 09:01:34,333 [INFO] LogOutputStream:77 - [STDOUT_REDIRECT] 1 : Invalid condition id : UX_CORESTACK_Condition cause : null
2025-08-05 09:01:34,334 [INFO] LogOutputStream:77 - [STDOUT_REDIRECT] 1 : Invalid condition id : UX_CORESTACK_Condition cause : null
2025-08-05 09:01:34,337 [WARN] PackLoader:240 - Cannot read IP mode file for STMicroelectronics.X-CUBE-AZRTOS-WL.2.0.0
2025-08-05 09:01:34,356 [WARN] PackLoader:240 - Cannot read IP mode file for STMicroelectronics.FP-SNS-MOTENV1.5.0.0
2025-08-05 09:01:34,375 [WARN] PackLoader:240 - Cannot read IP mode file for WES.I-CUBE-Cesium.1.3.0
2025-08-05 09:01:34,389 [WARN] PackLoader:240 - Cannot read IP mode file for STMicroelectronics.X-CUBE-BLE2.3.3.0
2025-08-05 09:01:34,404 [WARN] PackLoader:240 - Cannot read IP mode file for STMicroelectronics.X-CUBE-NFC9.1.0.0
2025-08-05 09:01:34,420 [WARN] PackLoader:240 - Cannot read IP mode file for wolfSSL.I-CUBE-wolfSSL.5.8.0
2025-08-05 09:01:34,434 [WARN] PackLoader:240 - Cannot read IP mode file for STMicroelectronics.X-CUBE-BLE1.7.1.0
2025-08-05 09:01:34,447 [WARN] PackLoader:240 - Cannot read IP mode file for wolfSSL.I-CUBE-wolfMQTT.1.19.2
2025-08-05 09:01:34,463 [WARN] PackLoader:240 - Cannot read IP mode file for STMicroelectronics.X-CUBE-EEPRMA1.5.2.0
2025-08-05 09:01:34,480 [WARN] PackLoader:240 - Cannot read IP mode file for STMicroelectronics.X-CUBE-AI.10.1.0
2025-08-05 09:01:34,507 [WARN] PackLoader:240 - Cannot read IP mode file for STMicroelectronics.X-CUBE-AZRTOS-G0.1.1.0
2025-08-05 09:01:34,523 [WARN] PackLoader:240 - Cannot read IP mode file for STMicroelectronics.X-CUBE-SAFEA1.1.2.2
2025-08-05 09:01:34,538 [WARN] PackLoader:240 - Cannot read IP mode file for STMicroelectronics.X-CUBE-NFC4.3.0.0
2025-08-05 09:01:34,552 [WARN] PackLoader:240 - Cannot read IP mode file for EmbeddedOffice.I-CUBE-FS-RTOS.1.0.1
2025-08-05 09:01:34,566 [WARN] PackLoader:240 - Cannot read IP mode file for STMicroelectronics.X-CUBE-WB05N.2.0.0
2025-08-05 09:01:34,578 [WARN] PackLoader:240 - Cannot read IP mode file for wolfSSL.I-CUBE-wolfTPM.3.8.0
2025-08-05 09:01:34,591 [WARN] PackLoader:240 - Cannot read IP mode file for STMicroelectronics.X-CUBE-TCPP.4.2.0
2025-08-05 09:01:34,604 [WARN] PackLoader:240 - Cannot read IP mode file for RealThread.X-CUBE-RT-Thread_Nano.4.1.1
2025-08-05 09:01:34,618 [WARN] PackLoader:240 - Cannot read IP mode file for STMicroelectronics.FP-ATR-SIGFOX1.3.2.0
2025-08-05 09:01:34,632 [WARN] PackLoader:240 - Cannot read IP mode file for ITTIA_DB.I-CUBE-ITTIADB.8.9.0
2025-08-05 09:01:34,646 [WARN] PackLoader:240 - Cannot read IP mode file for STMicroelectronics.X-CUBE-ST67W61.1.0.0
2025-08-05 09:01:34,659 [WARN] PackLoader:240 - Cannot read IP mode file for STMicroelectronics.X-CUBE-AI.10.2.0
2025-08-05 09:01:34,686 [WARN] PackLoader:240 - Cannot read IP mode file for SEGGER.I-CUBE-embOS.1.3.1
2025-08-05 09:01:34,733 [WARN] PackLoader:240 - Cannot read IP mode file for STMicroelectronics.X-CUBE-ALGOBUILD.1.4.0
2025-08-05 09:01:34,778 [WARN] PackLoader:240 - Cannot read IP mode file for STMicroelectronics.X-CUBE-MEMS1.11.3.0
2025-08-05 09:01:34,870 [WARN] PackLoader:240 - Cannot read IP mode file for STMicroelectronics.X-CUBE-PM33A1.1.0.0
2025-08-05 09:01:34,896 [WARN] PackLoader:240 - Cannot read IP mode file for STMicroelectronics.X-CUBE-AZRTOS-F4.1.1.0
2025-08-05 09:01:34,909 [WARN] PackLoader:240 - Cannot read IP mode file for Avnet-IotConnect.X-CUBE-IoTC-DA16k-PMOD.1.0.0
2025-08-05 09:01:34,923 [WARN] PackLoader:240 - Cannot read IP mode file for STMicroelectronics.X-CUBE-ISPU.2.1.0
2025-08-05 09:01:34,937 [WARN] PackLoader:240 - Cannot read IP mode file for STMicroelectronics.X-CUBE-NFC12.1.0.0
2025-08-05 09:01:34,961 [WARN] PackLoader:240 - Cannot read IP mode file for STMicroelectronics.X-CUBE-AZRTOS-L5.2.0.0
2025-08-05 09:01:34,979 [WARN] PackLoader:240 - Cannot read IP mode file for STMicroelectronics.X-CUBE-NFC6.3.1.0
2025-08-05 09:01:34,995 [WARN] PackLoader:240 - Cannot read IP mode file for STMicroelectronics.X-CUBE-FREERTOS.1.3.1
2025-08-05 09:01:35,015 [WARN] PackLoader:240 - Cannot read IP mode file for STMicroelectronics.FP-SNS-STAIOTCFT.1.0.0
2025-08-05 09:01:35,030 [WARN] PackLoader:240 - Cannot read IP mode file for STMicroelectronics.X-CUBE-DPower.1.3.0
2025-08-05 09:01:35,053 [WARN] ConditionMgr:438 - getConditionDescription Invalid condition id : LAN8742 Phy interface Condition cause : null
2025-08-05 09:01:35,053 [WARN] PackLoader:240 - Cannot read IP mode file for STMicroelectronics.X-CUBE-AZRTOS-L4.2.0.0
2025-08-05 09:01:35,054 [WARN] ConditionMgr:1044 - genDependencies : Invalid condition id : LAN8742 Phy interface Condition cause : null
2025-08-05 09:01:35,055 [WARN] ConditionMgr:1044 - genDependencies : Invalid condition id : LAN8742 Phy interface Condition cause : null
2025-08-05 09:01:35,055 [WARN] ConditionMgr:1044 - genDependencies : Invalid condition id : LAN8742 Phy interface Condition cause : null
2025-08-05 09:01:35,072 [WARN] PackLoader:240 - Cannot read IP mode file for STMicroelectronics.X-CUBE-SFXS2LP1.4.0.0
2025-08-05 09:01:35,089 [WARN] PackLoader:240 - Cannot read IP mode file for STMicroelectronics.X-CUBE-BLEMGR.4.1.0
2025-08-05 09:01:35,118 [WARN] ConditionMgr:438 - getConditionDescription Invalid condition id : UX DEVICE CLASS RTOS Condition cause : null
2025-08-05 09:01:35,118 [WARN] ConditionMgr:438 - getConditionDescription Invalid condition id : UX DEVICE CLASS RTOS Condition cause : null
2025-08-05 09:01:35,120 [WARN] PackLoader:240 - Cannot read IP mode file for STMicroelectronics.X-CUBE-AZRTOS-WB.2.0.0
2025-08-05 09:01:35,121 [WARN] ConditionMgr:1044 - genDependencies : Invalid condition id : UX DEVICE CLASS RTOS Condition cause : null
2025-08-05 09:01:35,121 [WARN] ConditionMgr:1044 - genDependencies : Invalid condition id : UX DEVICE CLASS RTOS Condition cause : null
2025-08-05 09:01:35,121 [WARN] ConditionMgr:1044 - genDependencies : Invalid condition id : UX DEVICE CLASS RTOS Condition cause : null
2025-08-05 09:01:35,121 [WARN] ConditionMgr:1044 - genDependencies : Invalid condition id : UX DEVICE CLASS RTOS Condition cause : null
2025-08-05 09:01:35,121 [WARN] ConditionMgr:1044 - genDependencies : Invalid condition id : UX DEVICE CLASS RTOS Condition cause : null
2025-08-05 09:01:35,141 [WARN] PackLoader:240 - Cannot read IP mode file for STMicroelectronics.X-CUBE-GNSS1.7.0.1
2025-08-05 09:01:35,179 [WARN] PackLoader:240 - Cannot read IP mode file for STMicroelectronics.X-CUBE-TOUCHGFX.4.25.0
2025-08-05 09:01:35,200 [WARN] PackLoader:240 - Cannot read IP mode file for STMicroelectronics.FP-SNS-STBOX1.2.0.0
2025-08-05 09:01:35,215 [WARN] ConditionMgr:438 - getConditionDescription Invalid condition id : Cortex-A Device cause : null
2025-08-05 09:01:35,240 [WARN] ConditionMgr:1044 - genDependencies : Invalid condition id : Cortex-A Device cause : null
2025-08-05 09:01:35,240 [WARN] ConditionMgr:1044 - genDependencies : Invalid condition id : Cortex-A Device cause : null
2025-08-05 09:01:35,240 [WARN] ConditionMgr:1044 - genDependencies : Invalid condition id : Cortex-A Device cause : null
2025-08-05 09:01:35,257 [WARN] PackLoader:240 - Cannot read IP mode file for STMicroelectronics.X-CUBE-SUBG2.5.0.0
2025-08-05 09:01:35,287 [WARN] PackLoader:240 - Cannot read IP mode file for STMicroelectronics.X-CUBE-AZRTOS-H7RS.1.1.0
2025-08-05 09:01:35,302 [WARN] PackLoader:240 - Cannot read IP mode file for Cesanta.I-CUBE-Mongoose.7.13.0
2025-08-05 09:01:35,323 [WARN] PackLoader:240 - Cannot read IP mode file for STMicroelectronics.X-CUBE-AZRTOS-G4.2.0.0
2025-08-05 09:01:35,337 [WARN] PackLoader:240 - Cannot read IP mode file for wolfSSL.I-CUBE-wolfSSH.1.4.20
2025-08-05 09:01:35,349 [WARN] PackLoader:240 - Cannot read IP mode file for STMicroelectronics.X-CUBE-NFC7.2.0.0
2025-08-05 09:01:35,368 [WARN] PackLoader:240 - Cannot read IP mode file for STMicroelectronics.X-CUBE-IPS.3.1.0
2025-08-05 09:01:35,384 [WARN] PackLoader:240 - Cannot read IP mode file for STMicroelectronics.X-CUBE-ALS.1.0.2
2025-08-05 09:01:35,399 [WARN] PackLoader:240 - Cannot read IP mode file for portGmbH.I-Cube-SoM-uGOAL.1.1.0
2025-08-05 09:01:35,417 [WARN] PackLoader:240 - Cannot read IP mode file for STMicroelectronics.X-CUBE-TOF1.3.4.3
2025-08-05 09:01:35,421 [INFO] ThirdParty:978 - Integrity check success = true
2025-08-05 09:01:35,421 [INFO] IntegrityCheckThread:100 - exiting critical section [integrity check]
2025-08-05 09:01:35,421 [INFO] IntegrityCheckThread:103 - End integrity checks thread
2025-08-05 09:58:43,715 [ERROR] LogOutputStream:75 - [STDERR_REDIRECT] 
